(tf-env) andrew@raspberrypi4:~/raspberrypi_cardRE $ python3 card_recognition.py 
 
A module that was compiled using NumPy 1.x cannot be run in
NumPy 2.1.3 as it may crash. To support both 1.x and 2.x
versions of NumPy, modules must be compiled with NumPy 2.0.
Some module may need to rebuild instead e.g. with 'pybind11>=2.12'.

If you are a user of the module, the easiest solution will be to
downgrade to 'numpy<2' or try to upgrade the affected module.
We expect that some modules will need time to support NumPy 2.

Traceback (most recent call last):  File "/home/andrew/raspberrypi_cardRE/card_recognition.py", line 14, in <module>
    interpreter = tflite.Interpreter(model_path=MODEL_PATH)
  File "/home/andrew/raspberrypi_cardRE/tf-env/lib/python3.11/site-packages/tflite_runtime/interpreter.py", line 464, in __init__
    self._interpreter = _interpreter_wrapper.CreateWrapperFromFile(
AttributeError: _ARRAY_API not found
ImportError: numpy.core.multiarray failed to import

The above exception was the direct cause of the following exception:

Traceback (most recent call last):
  File "/home/andrew/raspberrypi_cardRE/card_recognition.py", line 14, in <module>
    interpreter = tflite.Interpreter(model_path=MODEL_PATH)
                  ^^^^^^^^^^^^^^^^^^^^^^^^^^^^^^^^^^^^^^^^^
  File "/home/andrew/raspberrypi_cardRE/tf-env/lib/python3.11/site-packages/tflite_runtime/interpreter.py", line 464, in __init__
    self._interpreter = _interpreter_wrapper.CreateWrapperFromFile(
                        ^^^^^^^^^^^^^^^^^^^^^^^^^^^^^^^^^^^^^^^^^^^
SystemError: <built-in method CreateWrapperFromFile of PyCapsule object at 0x7fb2b25d10> returned a result with an exception set
